Determining if the pthread_create exist failed with the following output:
Change Dir: /home/eliza/threeohsix/build/CMakeFiles/CMakeTmp

Run Build Command:/usr/bin/make "cmTryCompileExec4000130879/fast"
/usr/bin/make -f CMakeFiles/cmTryCompileExec4000130879.dir/build.make CMakeFiles/cmTryCompileExec4000130879.dir/build
make[1]: Entering directory `/home/eliza/threeohsix/build/CMakeFiles/CMakeTmp'
/usr/bin/cmake -E cmake_progress_report /home/eliza/threeohsix/build/CMakeFiles/CMakeTmp/CMakeFiles 1
Building C object CMakeFiles/cmTryCompileExec4000130879.dir/CheckSymbolExists.c.o
/usr/bin/cc    -o CMakeFiles/cmTryCompileExec4000130879.dir/CheckSymbolExists.c.o   -c /home/eliza/threeohsix/build/CMakeFiles/CMakeTmp/CheckSymbolExists.c
Linking C executable cmTryCompileExec4000130879
/usr/bin/cmake -E cmake_link_script CMakeFiles/cmTryCompileExec4000130879.dir/link.txt --verbose=1
/usr/bin/cc       CMakeFiles/cmTryCompileExec4000130879.dir/CheckSymbolExists.c.o  -o cmTryCompileExec4000130879 -rdynamic 
CMakeFiles/cmTryCompileExec4000130879.dir/CheckSymbolExists.c.o: In function `main':
CheckSymbolExists.c:(.text+0x16): undefined reference to `pthread_create'
collect2: error: ld returned 1 exit status
make[1]: *** [cmTryCompileExec4000130879] Error 1
make[1]: Leaving directory `/home/eliza/threeohsix/build/CMakeFiles/CMakeTmp'
make: *** [cmTryCompileExec4000130879/fast] Error 2

File /home/eliza/threeohsix/build/CMakeFiles/CMakeTmp/CheckSymbolExists.c:
/* */
#include <pthread.h>

int main(int argc, char** argv)
{
  (void)argv;
#ifndef pthread_create
  return ((int*)(&pthread_create))[argc];
#else
  (void)argc;
  return 0;
#endif
}

Determining if the function pthread_create exists in the pthreads failed with the following output:
Change Dir: /home/eliza/threeohsix/build/CMakeFiles/CMakeTmp

Run Build Command:/usr/bin/make "cmTryCompileExec531320768/fast"
/usr/bin/make -f CMakeFiles/cmTryCompileExec531320768.dir/build.make CMakeFiles/cmTryCompileExec531320768.dir/build
make[1]: Entering directory `/home/eliza/threeohsix/build/CMakeFiles/CMakeTmp'
/usr/bin/cmake -E cmake_progress_report /home/eliza/threeohsix/build/CMakeFiles/CMakeTmp/CMakeFiles 1
Building C object CMakeFiles/cmTryCompileExec531320768.dir/CheckFunctionExists.c.o
/usr/bin/cc   -DCHECK_FUNCTION_EXISTS=pthread_create   -o CMakeFiles/cmTryCompileExec531320768.dir/CheckFunctionExists.c.o   -c /usr/share/cmake-2.8/Modules/CheckFunctionExists.c
Linking C executable cmTryCompileExec531320768
/usr/bin/cmake -E cmake_link_script CMakeFiles/cmTryCompileExec531320768.dir/link.txt --verbose=1
/usr/bin/cc   -DCHECK_FUNCTION_EXISTS=pthread_create    CMakeFiles/cmTryCompileExec531320768.dir/CheckFunctionExists.c.o  -o cmTryCompileExec531320768 -rdynamic -lpthreads 
/usr/bin/ld: cannot find -lpthreads
collect2: error: ld returned 1 exit status
make[1]: *** [cmTryCompileExec531320768] Error 1
make[1]: Leaving directory `/home/eliza/threeohsix/build/CMakeFiles/CMakeTmp'
make: *** [cmTryCompileExec531320768/fast] Error 2


